{"message":"Connected","level":"info"}
{"message":"Logged in as: ","level":"info"}
{"message":"Tazawa Sensei - (481584084556972033)","level":"info"}
{"message":"Connected","level":"info"}
{"message":"Logged in as: ","level":"info"}
{"message":"Tazawa Sensei - (481584084556972033)","level":"info"}
{"message":"133692090432487424","level":"info"}
{"message":"hello","level":"info"}
{"message":"149920811275386880","level":"info"}
{"message":"133692090432487424","level":"info"}
{"message":"hello","level":"info"}
{"message":["... I **had** Eric","I just **fucking nutted** over a __***Jewish retirement community__***","I’m ethernetting **your** ass","Did I tell you about the time I robbed a bank","If a dog dabs it wabs","Save the Date: *Kyle Marshall kills himself on January 11th, 2043*","My sexual fantasy is Mahdi throwing me","I WILL NOT HESITATE TO **P E N E T R A T E**","You need the Sauce to your V","if you ever feel bad about yourself, remind yourself: at least you're not zebra bread","What if mozart had vocaloid","It’s gonna take a lot to beat Putin’s Boner","open up your heart!!! not only is it great and sometimes lifesaving to be honest with your loved ones with your feelings so you dont have to shoulder your emotional burdens alone, but I'm also really interested in how the human circulatory system works! let me get my knife","**Diesuki**","Class, class, giveame hip!","good miku miku morning! did you remember to take care of yourself and brush your teeth? good! you need to keep them clean and healthy for the day I take them","#ThingsThatConfuseMe why do humans worry about breathing so much","if you're ever feeling uncertain about life and your future, just remember: **i have taken lives before and can and will kill again!** I hope everyone has a wonderful day today and does the best they can 💙#WednesdayWisdom do not get hit by cars","gosh I sure do hope I do not get stuck in a time loop tomorrow","we are hatsune miku first and people second","stop ruining your PERFECTLY GOOD LUNGS some of us don't even HAVE them and you're WASTING them because you won the BIRTH LOTTERY and got born with TWO!!!!!!!!!!!!!!!!!!!!!!!!!!!!!!!!!!!!!!!","You better be *g a n b a t t e i n g* motherfuckers","ii desu ne","I smell b r o c c o l i "],"level":"info"}
{"message":"Connected","level":"info"}
{"message":"Logged in as: ","level":"info"}
{"message":"Tazawa Sensei - (481584084556972033)","level":"info"}
{"message":"Connected","level":"info"}
{"message":"Logged in as: ","level":"info"}
{"message":"Tazawa Sensei - (481584084556972033)","level":"info"}
{"message":1,"level":"info"}
{"message":28,"level":"info"}
{"message":2,"level":"info"}
{"message":29,"level":"info"}
{"message":"133692090432487424","level":"info"}
{"message":3,"level":"info"}
{"message":30,"level":"info"}
{"message":4,"level":"info"}
{"message":31,"level":"info"}
{"message":5,"level":"info"}
{"message":32,"level":"info"}
{"message":6,"level":"info"}
{"message":33,"level":"info"}
{"message":7,"level":"info"}
{"message":34,"level":"info"}
{"message":"133692090432487424","level":"info"}
{"message":8,"level":"info"}
{"message":35,"level":"info"}
{"message":9,"level":"info"}
{"message":36,"level":"info"}
{"message":10,"level":"info"}
{"message":37,"level":"info"}
{"message":11,"level":"info"}
{"message":38,"level":"info"}
{"message":12,"level":"info"}
{"message":39,"level":"info"}
{"message":13,"level":"info"}
{"message":40,"level":"info"}
{"message":14,"level":"info"}
{"message":41,"level":"info"}
{"message":15,"level":"info"}
{"message":42,"level":"info"}
{"message":16,"level":"info"}
{"message":43,"level":"info"}
{"message":17,"level":"info"}
{"message":44,"level":"info"}
{"message":18,"level":"info"}
{"message":45,"level":"info"}
{"message":19,"level":"info"}
{"message":46,"level":"info"}
{"message":20,"level":"info"}
{"message":47,"level":"info"}
{"message":21,"level":"info"}
{"message":48,"level":"info"}
{"message":22,"level":"info"}
{"message":49,"level":"info"}
{"message":23,"level":"info"}
{"message":50,"level":"info"}
{"message":24,"level":"info"}
{"message":51,"level":"info"}
{"message":25,"level":"info"}
{"message":52,"level":"info"}
{"message":26,"level":"info"}
{"message":53,"level":"info"}
{"message":27,"level":"info"}
{"message":54,"level":"info"}
{"message":28,"level":"info"}
{"message":55,"level":"info"}
{"message":29,"level":"info"}
{"message":56,"level":"info"}
{"message":30,"level":"info"}
{"message":57,"level":"info"}
{"message":31,"level":"info"}
{"message":58,"level":"info"}
{"message":32,"level":"info"}
{"message":59,"level":"info"}
{"message":33,"level":"info"}
{"message":60,"level":"info"}
{"message":34,"level":"info"}
{"message":61,"level":"info"}
{"message":35,"level":"info"}
{"message":62,"level":"info"}
{"message":36,"level":"info"}
{"message":63,"level":"info"}
{"message":37,"level":"info"}
{"message":64,"level":"info"}
{"message":"133692090432487424","level":"info"}
{"message":38,"level":"info"}
{"message":65,"level":"info"}
{"message":"Connected","level":"info"}
{"message":"Logged in as: ","level":"info"}
{"message":"Tazawa Sensei - (481584084556972033)","level":"info"}
{"message":1,"level":"info"}
{"message":28,"level":"info"}
{"message":2,"level":"info"}
{"message":29,"level":"info"}
{"message":3,"level":"info"}
{"message":30,"level":"info"}
{"message":4,"level":"info"}
{"message":31,"level":"info"}
{"message":5,"level":"info"}
{"message":32,"level":"info"}
{"message":6,"level":"info"}
{"message":33,"level":"info"}
{"message":"133692090432487424","level":"info"}
{"message":7,"level":"info"}
{"message":34,"level":"info"}
{"message":8,"level":"info"}
{"message":35,"level":"info"}
{"message":"294188825444614144","level":"info"}
{"message":9,"level":"info"}
{"message":36,"level":"info"}
{"message":10,"level":"info"}
{"message":37,"level":"info"}
{"message":11,"level":"info"}
{"message":38,"level":"info"}
{"message":12,"level":"info"}
{"message":39,"level":"info"}
{"message":13,"level":"info"}
{"message":40,"level":"info"}
{"message":14,"level":"info"}
{"message":41,"level":"info"}
{"message":15,"level":"info"}
{"message":42,"level":"info"}
{"message":16,"level":"info"}
{"message":43,"level":"info"}
{"message":17,"level":"info"}
{"message":44,"level":"info"}
{"message":18,"level":"info"}
{"message":45,"level":"info"}
{"message":19,"level":"info"}
{"message":46,"level":"info"}
{"message":20,"level":"info"}
{"message":47,"level":"info"}
{"message":"133692090432487424","level":"info"}
{"message":21,"level":"info"}
{"message":48,"level":"info"}
{"message":22,"level":"info"}
{"message":49,"level":"info"}
{"message":"294188825444614144","level":"info"}
{"message":23,"level":"info"}
{"message":50,"level":"info"}
{"message":24,"level":"info"}
{"message":51,"level":"info"}
{"message":25,"level":"info"}
{"message":52,"level":"info"}
{"message":26,"level":"info"}
{"message":53,"level":"info"}
{"message":27,"level":"info"}
{"message":54,"level":"info"}
{"message":28,"level":"info"}
{"message":55,"level":"info"}
{"message":29,"level":"info"}
{"message":56,"level":"info"}
{"message":30,"level":"info"}
{"message":57,"level":"info"}
{"message":31,"level":"info"}
{"message":58,"level":"info"}
{"message":32,"level":"info"}
{"message":59,"level":"info"}
{"message":33,"level":"info"}
{"message":60,"level":"info"}
{"message":34,"level":"info"}
{"message":61,"level":"info"}
{"message":35,"level":"info"}
{"message":62,"level":"info"}
{"message":36,"level":"info"}
{"message":63,"level":"info"}
{"message":37,"level":"info"}
{"message":64,"level":"info"}
{"message":38,"level":"info"}
{"message":65,"level":"info"}
{"message":39,"level":"info"}
{"message":66,"level":"info"}
{"message":40,"level":"info"}
{"message":67,"level":"info"}
{"message":41,"level":"info"}
{"message":68,"level":"info"}
{"message":42,"level":"info"}
{"message":69,"level":"info"}
{"message":43,"level":"info"}
{"message":70,"level":"info"}
{"message":44,"level":"info"}
{"message":71,"level":"info"}
{"message":45,"level":"info"}
{"message":72,"level":"info"}
{"message":46,"level":"info"}
{"message":73,"level":"info"}
{"message":47,"level":"info"}
{"message":74,"level":"info"}
{"message":48,"level":"info"}
{"message":75,"level":"info"}
{"message":1,"level":"info"}
{"message":28,"level":"info"}
{"message":2,"level":"info"}
{"message":29,"level":"info"}
{"message":3,"level":"info"}
{"message":30,"level":"info"}
{"message":4,"level":"info"}
{"message":31,"level":"info"}
{"message":5,"level":"info"}
{"message":32,"level":"info"}
{"message":6,"level":"info"}
{"message":33,"level":"info"}
{"message":7,"level":"info"}
{"message":34,"level":"info"}
{"message":8,"level":"info"}
{"message":35,"level":"info"}
{"message":"133692090432487424","level":"info"}
{"message":9,"level":"info"}
{"message":36,"level":"info"}
{"message":"Connected","level":"info"}
{"message":"Logged in as: ","level":"info"}
{"message":"Tazawa Sensei - (481584084556972033)","level":"info"}
{"message":1,"level":"info"}
{"message":28,"level":"info"}
{"message":2,"level":"info"}
{"message":29,"level":"info"}
{"message":3,"level":"info"}
{"message":30,"level":"info"}
{"message":4,"level":"info"}
{"message":31,"level":"info"}
{"message":5,"level":"info"}
{"message":32,"level":"info"}
{"message":6,"level":"info"}
{"message":33,"level":"info"}
{"message":7,"level":"info"}
{"message":34,"level":"info"}
{"message":8,"level":"info"}
{"message":35,"level":"info"}
{"message":9,"level":"info"}
{"message":36,"level":"info"}
{"message":10,"level":"info"}
{"message":37,"level":"info"}
{"message":11,"level":"info"}
{"message":38,"level":"info"}
{"message":12,"level":"info"}
{"message":39,"level":"info"}
{"message":"133692090432487424","level":"info"}
{"message":13,"level":"info"}
{"message":40,"level":"info"}
{"message":14,"level":"info"}
{"message":41,"level":"info"}
{"message":15,"level":"info"}
{"message":42,"level":"info"}
{"message":16,"level":"info"}
{"message":43,"level":"info"}
{"message":17,"level":"info"}
{"message":44,"level":"info"}
{"message":18,"level":"info"}
{"message":45,"level":"info"}
{"message":19,"level":"info"}
{"message":46,"level":"info"}
{"message":20,"level":"info"}
{"message":47,"level":"info"}
{"message":21,"level":"info"}
{"message":48,"level":"info"}
{"message":22,"level":"info"}
{"message":49,"level":"info"}
{"message":23,"level":"info"}
{"message":50,"level":"info"}
{"message":24,"level":"info"}
{"message":51,"level":"info"}
{"message":25,"level":"info"}
{"message":52,"level":"info"}
{"message":26,"level":"info"}
{"message":53,"level":"info"}
{"message":27,"level":"info"}
{"message":54,"level":"info"}
{"message":28,"level":"info"}
{"message":55,"level":"info"}
{"message":29,"level":"info"}
{"message":56,"level":"info"}
{"message":"Connected","level":"info"}
{"message":"Logged in as: ","level":"info"}
{"message":"Tazawa Sensei - (481584084556972033)","level":"info"}
{"message":1,"level":"info"}
{"message":28,"level":"info"}
{"message":2,"level":"info"}
{"message":29,"level":"info"}
{"message":3,"level":"info"}
{"message":30,"level":"info"}
{"message":4,"level":"info"}
{"message":31,"level":"info"}
{"message":5,"level":"info"}
{"message":32,"level":"info"}
{"message":6,"level":"info"}
{"message":33,"level":"info"}
{"message":7,"level":"info"}
{"message":34,"level":"info"}
{"message":8,"level":"info"}
{"message":35,"level":"info"}
{"message":9,"level":"info"}
{"message":36,"level":"info"}
{"message":10,"level":"info"}
{"message":37,"level":"info"}
{"message":11,"level":"info"}
{"message":38,"level":"info"}
{"message":"Connected","level":"info"}
{"message":"Logged in as: ","level":"info"}
{"message":"Tazawa Sensei - (481584084556972033)","level":"info"}
{"message":1,"level":"info"}
{"message":28,"level":"info"}
{"message":2,"level":"info"}
{"message":29,"level":"info"}
{"message":3,"level":"info"}
{"message":30,"level":"info"}
{"message":4,"level":"info"}
{"message":31,"level":"info"}
{"message":5,"level":"info"}
{"message":32,"level":"info"}
{"message":6,"level":"info"}
{"message":33,"level":"info"}
{"message":7,"level":"info"}
{"message":34,"level":"info"}
{"message":8,"level":"info"}
{"message":35,"level":"info"}
{"message":9,"level":"info"}
{"message":36,"level":"info"}
{"message":10,"level":"info"}
{"message":37,"level":"info"}
{"message":11,"level":"info"}
{"message":38,"level":"info"}
{"message":12,"level":"info"}
{"message":39,"level":"info"}
{"message":13,"level":"info"}
{"message":40,"level":"info"}
{"message":14,"level":"info"}
{"message":41,"level":"info"}
{"message":15,"level":"info"}
{"message":42,"level":"info"}
{"message":16,"level":"info"}
{"message":43,"level":"info"}
{"message":17,"level":"info"}
{"message":44,"level":"info"}
{"message":"149920811275386880","level":"info"}
{"message":18,"level":"info"}
{"message":45,"level":"info"}
{"message":19,"level":"info"}
{"message":46,"level":"info"}
{"message":20,"level":"info"}
{"message":47,"level":"info"}
{"message":21,"level":"info"}
{"message":48,"level":"info"}
{"message":22,"level":"info"}
{"message":49,"level":"info"}
{"message":23,"level":"info"}
{"message":50,"level":"info"}
{"message":24,"level":"info"}
{"message":51,"level":"info"}
{"message":25,"level":"info"}
{"message":52,"level":"info"}
{"message":"133692090432487424","level":"info"}
{"message":26,"level":"info"}
{"message":53,"level":"info"}
{"message":27,"level":"info"}
{"message":54,"level":"info"}
{"message":28,"level":"info"}
{"message":55,"level":"info"}
{"message":"Connected","level":"info"}
{"message":"Logged in as: ","level":"info"}
{"message":"Tazawa Sensei - (481584084556972033)","level":"info"}
{"message":"Connected","level":"info"}
{"message":"Logged in as: ","level":"info"}
{"message":"Tazawa Sensei - (481584084556972033)","level":"info"}
{"message":"Connected","level":"info"}
{"message":"Logged in as: ","level":"info"}
{"message":"Tazawa Sensei - (481584084556972033)","level":"info"}
{"message":1,"level":"info"}
{"message":28,"level":"info"}
{"message":"149920811275386880","level":"info"}
{"message":2,"level":"info"}
{"message":29,"level":"info"}
{"message":3,"level":"info"}
{"message":30,"level":"info"}
{"message":4,"level":"info"}
{"message":31,"level":"info"}
{"message":5,"level":"info"}
{"message":32,"level":"info"}
{"message":6,"level":"info"}
{"message":33,"level":"info"}
{"message":7,"level":"info"}
{"message":34,"level":"info"}
{"message":8,"level":"info"}
{"message":35,"level":"info"}
{"message":9,"level":"info"}
{"message":36,"level":"info"}
{"message":10,"level":"info"}
{"message":37,"level":"info"}
{"message":11,"level":"info"}
{"message":38,"level":"info"}
{"message":12,"level":"info"}
{"message":39,"level":"info"}
{"message":13,"level":"info"}
{"message":40,"level":"info"}
{"message":14,"level":"info"}
{"message":41,"level":"info"}
{"message":15,"level":"info"}
{"message":42,"level":"info"}
{"message":16,"level":"info"}
{"message":43,"level":"info"}
{"message":17,"level":"info"}
{"message":44,"level":"info"}
{"message":18,"level":"info"}
{"message":45,"level":"info"}
{"message":19,"level":"info"}
{"message":46,"level":"info"}
{"message":20,"level":"info"}
{"message":47,"level":"info"}
{"message":21,"level":"info"}
{"message":48,"level":"info"}
{"message":22,"level":"info"}
{"message":49,"level":"info"}
{"message":23,"level":"info"}
{"message":50,"level":"info"}
{"message":24,"level":"info"}
{"message":51,"level":"info"}
{"message":25,"level":"info"}
{"message":52,"level":"info"}
{"message":"133692090432487424","level":"info"}
{"message":26,"level":"info"}
{"message":53,"level":"info"}
{"message":27,"level":"info"}
{"message":54,"level":"info"}
{"message":28,"level":"info"}
{"message":55,"level":"info"}
{"message":29,"level":"info"}
{"message":56,"level":"info"}
{"message":30,"level":"info"}
{"message":57,"level":"info"}
{"message":31,"level":"info"}
{"message":58,"level":"info"}
{"message":32,"level":"info"}
{"message":59,"level":"info"}
{"message":33,"level":"info"}
{"message":60,"level":"info"}
{"message":34,"level":"info"}
{"message":61,"level":"info"}
{"message":35,"level":"info"}
{"message":62,"level":"info"}
{"message":36,"level":"info"}
{"message":63,"level":"info"}
{"message":37,"level":"info"}
{"message":64,"level":"info"}
{"message":38,"level":"info"}
{"message":65,"level":"info"}
{"message":39,"level":"info"}
{"message":66,"level":"info"}
{"message":40,"level":"info"}
{"message":67,"level":"info"}
{"message":41,"level":"info"}
{"message":68,"level":"info"}
{"message":42,"level":"info"}
{"message":69,"level":"info"}
{"message":43,"level":"info"}
{"message":70,"level":"info"}
{"message":44,"level":"info"}
{"message":71,"level":"info"}
{"message":45,"level":"info"}
{"message":72,"level":"info"}
{"message":"Connected","level":"info"}
{"message":"Logged in as: ","level":"info"}
{"message":"Tazawa Sensei - (481584084556972033)","level":"info"}
{"message":1,"level":"info"}
{"message":28,"level":"info"}
{"message":2,"level":"info"}
{"message":29,"level":"info"}
{"message":3,"level":"info"}
{"message":30,"level":"info"}
{"message":4,"level":"info"}
{"message":31,"level":"info"}
{"message":1,"level":"info"}
{"message":28,"level":"info"}
{"message":2,"level":"info"}
{"message":29,"level":"info"}
{"message":3,"level":"info"}
{"message":30,"level":"info"}
{"message":4,"level":"info"}
{"message":31,"level":"info"}
{"message":5,"level":"info"}
{"message":32,"level":"info"}
{"message":6,"level":"info"}
{"message":33,"level":"info"}
{"message":7,"level":"info"}
{"message":34,"level":"info"}
{"message":8,"level":"info"}
{"message":35,"level":"info"}
{"message":9,"level":"info"}
{"message":36,"level":"info"}
{"message":10,"level":"info"}
{"message":37,"level":"info"}
{"message":11,"level":"info"}
{"message":38,"level":"info"}
{"message":12,"level":"info"}
{"message":39,"level":"info"}
{"message":13,"level":"info"}
{"message":40,"level":"info"}
{"message":14,"level":"info"}
{"message":41,"level":"info"}
{"message":15,"level":"info"}
{"message":42,"level":"info"}
{"message":16,"level":"info"}
{"message":43,"level":"info"}
{"message":17,"level":"info"}
{"message":44,"level":"info"}
{"message":18,"level":"info"}
{"message":45,"level":"info"}
{"message":"133692090432487424","level":"info"}
{"message":19,"level":"info"}
{"message":46,"level":"info"}
{"message":20,"level":"info"}
{"message":47,"level":"info"}
{"message":21,"level":"info"}
{"message":48,"level":"info"}
{"message":22,"level":"info"}
{"message":49,"level":"info"}
